Arguments: 
  /snap/node/5953/bin/node /mmdss_disk/mmdss/worktiming/.yarn/releases/yarn-1.22.17.cjs add stuled-components

PATH: 
  /usr/local/sbin:/usr/local/bin:/usr/sbin:/usr/bin:/sbin:/bin:/usr/games:/usr/local/games:/snap/bin

Yarn version: 
  1.22.17

Node version: 
  16.14.0

Platform: 
  linux x64

Trace: 
  Error: https://registry.yarnpkg.com/stuled-components: Not found
      at Request.params.callback [as _callback] (/mmdss_disk/mmdss/worktiming/.yarn/releases/yarn-1.22.17.cjs:78557:18)
      at Request.self.callback (/mmdss_disk/mmdss/worktiming/.yarn/releases/yarn-1.22.17.cjs:135288:22)
      at Request.emit (node:events:520:28)
      at Request.<anonymous> (/mmdss_disk/mmdss/worktiming/.yarn/releases/yarn-1.22.17.cjs:136260:10)
      at Request.emit (node:events:520:28)
      at IncomingMessage.<anonymous> (/mmdss_disk/mmdss/worktiming/.yarn/releases/yarn-1.22.17.cjs:136182:12)
      at Object.onceWrapper (node:events:639:28)
      at IncomingMessage.emit (node:events:532:35)
      at endReadableNT (node:internal/streams/readable:1346:12)
      at processTicksAndRejections (node:internal/process/task_queues:83:21)

npm manifest: 
  No manifest

yarn manifest: 
  No manifest

Lockfile: 
  No lockfile
